{
  "timestamp": "2023-02-28 20:42:07.776051",
  "device_info": {
    "serial_number": "ABgANE4wUAcgNDlF",
    "model": "0",
    "git_hash": "38d688a933ce1584ee09f2628b5849d5e758ac21",
    "git_dirty": false,
    "git_timestamp": 1679619364,
    "uuid": "a4f8e22c-b09e-45fc-b547-24578811e7d8"
  },
  "calibration": {
    "invert": false,
    "phase_invert": true,
    "poles": 14,
    "offset": [
      1.5324670865946517,
      1.557981172870365,
      1.5745649994648119,
      1.5730146160521747,
      1.6024509377625265,
      1.611688468753866,
      1.5929793812525948,
      1.6026663851594083,
      1.5936560174433017,
      1.5618898632661837,
      1.5687955289468503,
      1.5702558460177927,
      1.5470299246293504,
      1.5614642340822837,
      1.5691170264992478,
      1.5573958908407486,
      1.5677699530882316,
      1.579964273111746,
      1.5684476362427535,
      1.5759365973343389,
      1.5877543660753866,
      1.5722163064197163,
      1.57725290089651,
      1.5789354001213876,
      1.5545591988254923,
      1.5433342721787824,
      1.5406866644973256,
      1.502173897444093,
      1.4904905523896457,
      1.4954953659815835,
      1.474028600081976,
      1.4726166954399267,
      1.491936997059233,
      1.484602291040077,
      1.4781371953875424,
      1.4912495196709854,
      1.471499300299404,
      1.462725630379726,
      1.47108344463304,
      1.4587667061266112,
      1.444652989461004,
      1.4578984235738226,
      1.446259705655699,
      1.4240638758915227,
      1.4336899154908267,
      1.4228674502160195,
      1.413520062641564,
      1.4425082729452294,
      1.4589350809430688,
      1.477053595451793,
      1.5200416259761322,
      1.5302393540094759,
      1.532055217418746,
      1.5603359569107482,
      1.5549992321780512,
      1.544133938116922,
      1.561447302452972,
      1.5622292235033939,
      1.5502885257715258,
      1.5626109999884694,
      1.5575923976274373,
      1.5396990410916787,
      1.5459042289975378,
      1.5432799858425195
    ]
  },
  "winding_resistance": 0.04536264059598773,
  "inductance": 2.817892062470418e-05,
  "pid_dq_kp": 0.017705338004132112,
  "pid_dq_ki": 28.502187688757832,
  "torque_bw_hz": 100.0,
  "encoder_filter_bw_hz": 200.0,
  "encoder_filter_kp": 2513.2741228718346,
  "encoder_filter_ki": 1579136.7041742974,
  "v_per_hz": 0.10853500730782648,
  "kv": 276.40851319901,
  "unwrapped_position_scale": 1.0
}
